2020-12-08 16:29:50,242 INFO: 二维码获取成功，请打开京东APP扫描
2020-12-08 16:29:55,474 INFO: 已完成手机客户端确认
2020-12-08 16:29:55,616 INFO: 二维码登录成功
2020-12-08 16:29:55,846 INFO: 用户:JiannanFeng
2020-12-08 16:29:56,162 INFO: 商品名称:【茅台白酒】飞天 53%vol  500ml 贵州茅台酒（带杯）【行情 报价 价格 评测】-京东
2020-12-08 16:29:56,163 INFO: 正在等待到达设定时间:2020-12-09 09:59:59.150000
2020-12-08 16:29:56,287 INFO: get jd time:{"serverTime":1607416196300}
2020-12-08 16:29:56,407 INFO: get jd time:{"serverTime":1607416196419}
2020-12-08 16:29:56,522 INFO: get jd time:{"serverTime":1607416196539}
2020-12-08 16:29:56,651 INFO: get jd time:{"serverTime":1607416196662}
2020-12-08 16:29:56,769 INFO: get jd time:{"serverTime":1607416196785}
2020-12-08 16:29:56,889 INFO: get jd time:{"serverTime":1607416196902}
2020-12-08 16:29:57,018 INFO: get jd time:{"serverTime":1607416197031}
2020-12-08 16:29:57,134 INFO: get jd time:{"serverTime":1607416197151}
2020-12-08 16:29:57,237 INFO: get jd time:{"serverTime":1607416197252}
2020-12-08 16:29:57,349 INFO: get jd time:{"serverTime":1607416197364}
2020-12-08 16:29:57,468 INFO: get jd time:{"serverTime":1607416197481}
2020-12-08 16:29:57,584 INFO: get jd time:{"serverTime":1607416197601}
2020-12-08 16:29:57,707 INFO: get jd time:{"serverTime":1607416197723}
2020-12-08 16:29:57,830 INFO: get jd time:{"serverTime":1607416197843}
2020-12-08 16:29:57,950 INFO: get jd time:{"serverTime":1607416197964}
2020-12-08 16:29:58,082 INFO: get jd time:{"serverTime":1607416198092}
2020-12-08 16:29:58,193 INFO: get jd time:{"serverTime":1607416198208}
2020-12-08 16:29:58,309 INFO: get jd time:{"serverTime":1607416198320}
2020-12-08 16:29:58,442 INFO: get jd time:{"serverTime":1607416198455}
2020-12-08 16:29:58,549 INFO: get jd time:{"serverTime":1607416198566}
2020-12-08 16:29:58,674 INFO: get jd time:{"serverTime":1607416198685}
2020-12-08 16:29:58,787 INFO: get jd time:{"serverTime":1607416198803}
2020-12-08 16:29:58,894 INFO: get jd time:{"serverTime":1607416198909}
2020-12-08 16:29:59,014 INFO: get jd time:{"serverTime":1607416199027}
2020-12-08 16:29:59,130 INFO: get jd time:{"serverTime":1607416199143}
2020-12-08 16:29:59,249 INFO: get jd time:{"serverTime":1607416199262}
2020-12-08 16:29:59,370 INFO: get jd time:{"serverTime":1607416199385}
2020-12-08 16:29:59,475 INFO: get jd time:{"serverTime":1607416199490}
2020-12-08 16:29:59,583 INFO: get jd time:{"serverTime":1607416199599}
2020-12-08 16:29:59,689 INFO: get jd time:{"serverTime":1607416199706}
2020-12-08 16:29:59,802 INFO: get jd time:{"serverTime":1607416199817}
2020-12-08 16:29:59,929 INFO: get jd time:{"serverTime":1607416199945}
2020-12-08 16:30:00,041 INFO: get jd time:{"serverTime":1607416200059}
2020-12-08 16:30:00,162 INFO: get jd time:{"serverTime":1607416200177}
2020-12-08 16:30:00,278 INFO: get jd time:{"serverTime":1607416200295}
2020-12-08 16:30:00,391 INFO: get jd time:{"serverTime":1607416200407}
2020-12-08 16:30:00,506 INFO: get jd time:{"serverTime":1607416200518}
2020-12-08 16:30:00,628 INFO: get jd time:{"serverTime":1607416200646}
2020-12-08 16:30:00,742 INFO: get jd time:{"serverTime":1607416200757}
2020-12-08 16:30:00,856 INFO: get jd time:{"serverTime":1607416200873}
2020-12-08 16:30:00,983 INFO: get jd time:{"serverTime":1607416200996}
2020-12-08 16:30:01,105 INFO: get jd time:{"serverTime":1607416201118}
2020-12-08 16:30:01,220 INFO: get jd time:{"serverTime":1607416201235}
2020-12-08 16:30:01,339 INFO: get jd time:{"serverTime":1607416201354}
2020-12-08 16:30:01,474 INFO: get jd time:{"serverTime":1607416201483}
2020-12-08 16:30:01,580 INFO: get jd time:{"serverTime":1607416201597}
2020-12-08 16:30:01,712 INFO: get jd time:{"serverTime":1607416201724}
2020-12-08 16:30:01,834 INFO: get jd time:{"serverTime":1607416201851}
2020-12-08 16:30:01,952 INFO: get jd time:{"serverTime":1607416201965}
2020-12-08 16:30:02,086 INFO: get jd time:{"serverTime":1607416202099}
2020-12-08 16:30:02,211 INFO: get jd time:{"serverTime":1607416202225}
2020-12-08 16:30:02,332 INFO: get jd time:{"serverTime":1607416202343}
2020-12-08 16:30:02,437 INFO: get jd time:{"serverTime":1607416202453}
2020-12-08 16:30:02,540 INFO: get jd time:{"serverTime":1607416202557}
2020-12-08 16:30:02,657 INFO: get jd time:{"serverTime":1607416202671}
2020-12-08 16:30:02,769 INFO: get jd time:{"serverTime":1607416202787}
2020-12-08 16:30:02,884 INFO: get jd time:{"serverTime":1607416202901}
2020-12-08 16:30:03,011 INFO: get jd time:{"serverTime":1607416203023}
2020-12-08 16:30:03,129 INFO: get jd time:{"serverTime":1607416203144}
2020-12-08 16:30:03,246 INFO: get jd time:{"serverTime":1607416203261}
2020-12-08 16:30:03,364 INFO: get jd time:{"serverTime":1607416203382}
2020-12-08 16:30:03,479 INFO: get jd time:{"serverTime":1607416203494}
2020-12-08 16:30:03,599 INFO: get jd time:{"serverTime":1607416203616}
2020-12-08 16:30:03,722 INFO: get jd time:{"serverTime":1607416203736}
2020-12-08 16:30:03,844 INFO: get jd time:{"serverTime":1607416203860}
2020-12-08 16:30:03,953 INFO: get jd time:{"serverTime":1607416203971}
2020-12-08 16:30:04,054 INFO: get jd time:{"serverTime":1607416204072}
2020-12-08 16:30:04,154 INFO: get jd time:{"serverTime":1607416204172}
2020-12-08 16:30:04,271 INFO: get jd time:{"serverTime":1607416204284}
2020-12-08 16:30:04,380 INFO: get jd time:{"serverTime":1607416204394}
2020-12-08 16:30:04,487 INFO: get jd time:{"serverTime":1607416204503}
2020-12-08 16:30:04,597 INFO: get jd time:{"serverTime":1607416204611}
2020-12-08 16:30:04,706 INFO: get jd time:{"serverTime":1607416204724}
2020-12-08 16:30:05,075 INFO: get jd time:{"serverTime":1607416205089}
2020-12-08 16:30:05,179 INFO: get jd time:{"serverTime":1607416205196}
2020-12-08 16:30:05,286 INFO: get jd time:{"serverTime":1607416205302}
2020-12-08 16:30:05,405 INFO: get jd time:{"serverTime":1607416205416}
